Internal Server Error: /csm/complaint/9/fetch/
Traceback (most recent call last):
  File "C:\Users\JT-Web\Desktop\JCSSS\env\Lib\site-packages\django\core\handlers\exception.py", line 55, in inner
    response = get_response(request)
  File "C:\Users\JT-Web\Desktop\JCSSS\env\Lib\site-packages\django\core\handlers\base.py", line 197, in _get_response
    response = wrapped_callback(request, *callback_args, **callback_kwargs)
  File "C:\Users\JT-Web\Desktop\JCSSS\env\Lib\site-packages\django\views\generic\base.py", line 105, in view
    return self.dispatch(request, *args, **kwargs)
           ~~~~~~~~~~~~~^^^^^^^^^^^^^^^^^^^^^^^^^^
  File "C:\Users\JT-Web\Desktop\JCSSS\env\Lib\site-packages\django\views\generic\base.py", line 144, in dispatch
    return handler(request, *args, **kwargs)
  File "C:\Users\JT-Web\Desktop\JCSSS\JCSSS\apps\oem\views.py", line 118, in get
    pricing = event.customer_pricing
              ^^^^^^^^^^^^^^^^^^^^^^
  File "C:\Users\JT-Web\Desktop\JCSSS\env\Lib\site-packages\django\db\models\fields\related_descriptors.py", line 534, in __get__
    raise self.RelatedObjectDoesNotExist(
    ...<2 lines>...
    )
apps.complain_form.models.Event.customer_pricing.RelatedObjectDoesNotExist: Event has no customer_pricing.
"GET /csm/complaint/9/fetch/ HTTP/1.1" 500 92056
Internal Server Error: /csm/complaint/9/fetch/
Traceback (most recent call last):
  File "C:\Users\JT-Web\Desktop\JCSSS\env\Lib\site-packages\django\core\handlers\exception.py", line 55, in inner
    response = get_response(request)
  File "C:\Users\JT-Web\Desktop\JCSSS\env\Lib\site-packages\django\core\handlers\base.py", line 197, in _get_response
    response = wrapped_callback(request, *callback_args, **callback_kwargs)
  File "C:\Users\JT-Web\Desktop\JCSSS\env\Lib\site-packages\django\views\generic\base.py", line 105, in view
    return self.dispatch(request, *args, **kwargs)
           ~~~~~~~~~~~~~^^^^^^^^^^^^^^^^^^^^^^^^^^
  File "C:\Users\JT-Web\Desktop\JCSSS\env\Lib\site-packages\django\views\generic\base.py", line 144, in dispatch
    return handler(request, *args, **kwargs)
  File "C:\Users\JT-Web\Desktop\JCSSS\JCSSS\apps\oem\views.py", line 118, in get
    pricing = event.customer_pricing
              ^^^^^^^^^^^^^^^^^^^^^^
  File "C:\Users\JT-Web\Desktop\JCSSS\env\Lib\site-packages\django\db\models\fields\related_descriptors.py", line 534, in __get__
    raise self.RelatedObjectDoesNotExist(
    ...<2 lines>...
    )
apps.complain_form.models.Event.customer_pricing.RelatedObjectDoesNotExist: Event has no customer_pricing.
"GET /csm/complaint/9/fetch/ HTTP/1.1" 500 92321
Internal Server Error: /csm/complaint/9/fetch/
Traceback (most recent call last):
  File "C:\Users\JT-Web\Desktop\JCSSS\env\Lib\site-packages\django\core\handlers\exception.py", line 55, in inner
    response = get_response(request)
  File "C:\Users\JT-Web\Desktop\JCSSS\env\Lib\site-packages\django\core\handlers\base.py", line 197, in _get_response
    response = wrapped_callback(request, *callback_args, **callback_kwargs)
  File "C:\Users\JT-Web\Desktop\JCSSS\env\Lib\site-packages\django\views\generic\base.py", line 105, in view
    return self.dispatch(request, *args, **kwargs)
           ~~~~~~~~~~~~~^^^^^^^^^^^^^^^^^^^^^^^^^^
  File "C:\Users\JT-Web\Desktop\JCSSS\env\Lib\site-packages\django\views\generic\base.py", line 144, in dispatch
    return handler(request, *args, **kwargs)
  File "C:\Users\JT-Web\Desktop\JCSSS\JCSSS\apps\oem\views.py", line 118, in get
    pricing = event.customer_pricing
              ^^^^^^^^^^^^^^^^^^^^^^
  File "C:\Users\JT-Web\Desktop\JCSSS\env\Lib\site-packages\django\db\models\fields\related_descriptors.py", line 534, in __get__
    raise self.RelatedObjectDoesNotExist(
    ...<2 lines>...
    )
apps.complain_form.models.Event.customer_pricing.RelatedObjectDoesNotExist: Event has no customer_pricing.
"GET /csm/complaint/9/fetch/ HTTP/1.1" 500 92321
Internal Server Error: /csm/complaint/9/fetch/
Traceback (most recent call last):
  File "C:\Users\JT-Web\Desktop\JCSSS\env\Lib\site-packages\django\core\handlers\exception.py", line 55, in inner
    response = get_response(request)
  File "C:\Users\JT-Web\Desktop\JCSSS\env\Lib\site-packages\django\core\handlers\base.py", line 197, in _get_response
    response = wrapped_callback(request, *callback_args, **callback_kwargs)
  File "C:\Users\JT-Web\Desktop\JCSSS\env\Lib\site-packages\django\views\generic\base.py", line 105, in view
    return self.dispatch(request, *args, **kwargs)
           ~~~~~~~~~~~~~^^^^^^^^^^^^^^^^^^^^^^^^^^
  File "C:\Users\JT-Web\Desktop\JCSSS\env\Lib\site-packages\django\views\generic\base.py", line 144, in dispatch
    return handler(request, *args, **kwargs)
  File "C:\Users\JT-Web\Desktop\JCSSS\JCSSS\apps\oem\views.py", line 118, in get
    pricing = event.customer_pricing
              ^^^^^^^^^^^^^^^^^^^^^^
  File "C:\Users\JT-Web\Desktop\JCSSS\env\Lib\site-packages\django\db\models\fields\related_descriptors.py", line 534, in __get__
    raise self.RelatedObjectDoesNotExist(
    ...<2 lines>...
    )
apps.complain_form.models.Event.customer_pricing.RelatedObjectDoesNotExist: Event has no customer_pricing.
"GET /csm/complaint/9/fetch/ HTTP/1.1" 500 92321
Internal Server Error: /csm/complaint/9/fetch/
Traceback (most recent call last):
  File "C:\Users\JT-Web\Desktop\JCSSS\env\Lib\site-packages\django\core\handlers\exception.py", line 55, in inner
    response = get_response(request)
  File "C:\Users\JT-Web\Desktop\JCSSS\env\Lib\site-packages\django\core\handlers\base.py", line 197, in _get_response
    response = wrapped_callback(request, *callback_args, **callback_kwargs)
  File "C:\Users\JT-Web\Desktop\JCSSS\env\Lib\site-packages\django\views\generic\base.py", line 105, in view
    return self.dispatch(request, *args, **kwargs)
           ~~~~~~~~~~~~~^^^^^^^^^^^^^^^^^^^^^^^^^^
  File "C:\Users\JT-Web\Desktop\JCSSS\env\Lib\site-packages\django\views\generic\base.py", line 144, in dispatch
    return handler(request, *args, **kwargs)
  File "C:\Users\JT-Web\Desktop\JCSSS\JCSSS\apps\oem\views.py", line 118, in get
    pricing = event.customer_pricing
              ^^^^^^^^^^^^^^^^^^^^^^
  File "C:\Users\JT-Web\Desktop\JCSSS\env\Lib\site-packages\django\db\models\fields\related_descriptors.py", line 534, in __get__
    raise self.RelatedObjectDoesNotExist(
    ...<2 lines>...
    )
apps.complain_form.models.Event.customer_pricing.RelatedObjectDoesNotExist: Event has no customer_pricing.
"GET /csm/complaint/9/fetch/ HTTP/1.1" 500 92321
Internal Server Error: /csm/complaint/9/fetch/
Traceback (most recent call last):
  File "C:\Users\JT-Web\Desktop\JCSSS\env\Lib\site-packages\django\core\handlers\exception.py", line 55, in inner
    response = get_response(request)
  File "C:\Users\JT-Web\Desktop\JCSSS\env\Lib\site-packages\django\core\handlers\base.py", line 197, in _get_response
    response = wrapped_callback(request, *callback_args, **callback_kwargs)
  File "C:\Users\JT-Web\Desktop\JCSSS\env\Lib\site-packages\django\views\generic\base.py", line 105, in view
    return self.dispatch(request, *args, **kwargs)
           ~~~~~~~~~~~~~^^^^^^^^^^^^^^^^^^^^^^^^^^
  File "C:\Users\JT-Web\Desktop\JCSSS\env\Lib\site-packages\django\views\generic\base.py", line 144, in dispatch
    return handler(request, *args, **kwargs)
  File "C:\Users\JT-Web\Desktop\JCSSS\JCSSS\apps\oem\views.py", line 118, in get
    pricing = event.customer_pricing
              ^^^^^^^^^^^^^^^^^^^^^^
  File "C:\Users\JT-Web\Desktop\JCSSS\env\Lib\site-packages\django\db\models\fields\related_descriptors.py", line 534, in __get__
    raise self.RelatedObjectDoesNotExist(
    ...<2 lines>...
    )
apps.complain_form.models.Event.customer_pricing.RelatedObjectDoesNotExist: Event has no customer_pricing.
"GET /csm/complaint/9/fetch/ HTTP/1.1" 500 92321
Internal Server Error: /csm/complaint/9/fetch/
Traceback (most recent call last):
  File "C:\Users\JT-Web\Desktop\JCSSS\env\Lib\site-packages\django\core\handlers\exception.py", line 55, in inner
    response = get_response(request)
  File "C:\Users\JT-Web\Desktop\JCSSS\env\Lib\site-packages\django\core\handlers\base.py", line 197, in _get_response
    response = wrapped_callback(request, *callback_args, **callback_kwargs)
  File "C:\Users\JT-Web\Desktop\JCSSS\env\Lib\site-packages\django\views\generic\base.py", line 105, in view
    return self.dispatch(request, *args, **kwargs)
           ~~~~~~~~~~~~~^^^^^^^^^^^^^^^^^^^^^^^^^^
  File "C:\Users\JT-Web\Desktop\JCSSS\env\Lib\site-packages\django\views\generic\base.py", line 144, in dispatch
    return handler(request, *args, **kwargs)
  File "C:\Users\JT-Web\Desktop\JCSSS\JCSSS\apps\oem\views.py", line 118, in get
    pricing = event.customer_pricing
              ^^^^^^^^^^^^^^^^^^^^^^
  File "C:\Users\JT-Web\Desktop\JCSSS\env\Lib\site-packages\django\db\models\fields\related_descriptors.py", line 534, in __get__
    raise self.RelatedObjectDoesNotExist(
    ...<2 lines>...
    )
apps.complain_form.models.Event.customer_pricing.RelatedObjectDoesNotExist: Event has no customer_pricing.
"GET /csm/complaint/9/fetch/ HTTP/1.1" 500 92321
Internal Server Error: /csm/complaint/9/fetch/
Traceback (most recent call last):
  File "C:\Users\JT-Web\Desktop\JCSSS\env\Lib\site-packages\django\core\handlers\exception.py", line 55, in inner
    response = get_response(request)
  File "C:\Users\JT-Web\Desktop\JCSSS\env\Lib\site-packages\django\core\handlers\base.py", line 197, in _get_response
    response = wrapped_callback(request, *callback_args, **callback_kwargs)
  File "C:\Users\JT-Web\Desktop\JCSSS\env\Lib\site-packages\django\views\generic\base.py", line 105, in view
    return self.dispatch(request, *args, **kwargs)
           ~~~~~~~~~~~~~^^^^^^^^^^^^^^^^^^^^^^^^^^
  File "C:\Users\JT-Web\Desktop\JCSSS\env\Lib\site-packages\django\views\generic\base.py", line 144, in dispatch
    return handler(request, *args, **kwargs)
  File "C:\Users\JT-Web\Desktop\JCSSS\JCSSS\apps\oem\views.py", line 118, in get
    pricing = event.customer_pricing
              ^^^^^^^^^^^^^^^^^^^^^^
  File "C:\Users\JT-Web\Desktop\JCSSS\env\Lib\site-packages\django\db\models\fields\related_descriptors.py", line 534, in __get__
    raise self.RelatedObjectDoesNotExist(
    ...<2 lines>...
    )
apps.complain_form.models.Event.customer_pricing.RelatedObjectDoesNotExist: Event has no customer_pricing.
"GET /csm/complaint/9/fetch/ HTTP/1.1" 500 92321
Internal Server Error: /csm/complaint/9/fetch/
Traceback (most recent call last):
  File "C:\Users\JT-Web\Desktop\JCSSS\env\Lib\site-packages\django\core\handlers\exception.py", line 55, in inner
    response = get_response(request)
  File "C:\Users\JT-Web\Desktop\JCSSS\env\Lib\site-packages\django\core\handlers\base.py", line 197, in _get_response
    response = wrapped_callback(request, *callback_args, **callback_kwargs)
  File "C:\Users\JT-Web\Desktop\JCSSS\env\Lib\site-packages\django\views\generic\base.py", line 105, in view
    return self.dispatch(request, *args, **kwargs)
           ~~~~~~~~~~~~~^^^^^^^^^^^^^^^^^^^^^^^^^^
  File "C:\Users\JT-Web\Desktop\JCSSS\env\Lib\site-packages\django\views\generic\base.py", line 144, in dispatch
    return handler(request, *args, **kwargs)
  File "C:\Users\JT-Web\Desktop\JCSSS\JCSSS\apps\oem\views.py", line 118, in get
    pricing = event.customer_pricing
              ^^^^^^^^^^^^^^^^^^^^^^
  File "C:\Users\JT-Web\Desktop\JCSSS\env\Lib\site-packages\django\db\models\fields\related_descriptors.py", line 534, in __get__
    raise self.RelatedObjectDoesNotExist(
    ...<2 lines>...
    )
apps.complain_form.models.Event.customer_pricing.RelatedObjectDoesNotExist: Event has no customer_pricing.
"GET /csm/complaint/9/fetch/ HTTP/1.1" 500 92320
Internal Server Error: /csm/complaint/9/fetch/
Traceback (most recent call last):
  File "C:\Users\JT-Web\Desktop\JCSSS\env\Lib\site-packages\django\core\handlers\exception.py", line 55, in inner
    response = get_response(request)
  File "C:\Users\JT-Web\Desktop\JCSSS\env\Lib\site-packages\django\core\handlers\base.py", line 197, in _get_response
    response = wrapped_callback(request, *callback_args, **callback_kwargs)
  File "C:\Users\JT-Web\Desktop\JCSSS\env\Lib\site-packages\django\views\generic\base.py", line 105, in view
    return self.dispatch(request, *args, **kwargs)
           ~~~~~~~~~~~~~^^^^^^^^^^^^^^^^^^^^^^^^^^
  File "C:\Users\JT-Web\Desktop\JCSSS\env\Lib\site-packages\django\views\generic\base.py", line 144, in dispatch
    return handler(request, *args, **kwargs)
  File "C:\Users\JT-Web\Desktop\JCSSS\JCSSS\apps\oem\views.py", line 118, in get
    pricing = event.customer_pricing
              ^^^^^^^^^^^^^^^^^^^^^^
  File "C:\Users\JT-Web\Desktop\JCSSS\env\Lib\site-packages\django\db\models\fields\related_descriptors.py", line 534, in __get__
    raise self.RelatedObjectDoesNotExist(
    ...<2 lines>...
    )
apps.complain_form.models.Event.customer_pricing.RelatedObjectDoesNotExist: Event has no customer_pricing.
"GET /csm/complaint/9/fetch/ HTTP/1.1" 500 92321
Internal Server Error: /csm/complaint/8/fetch/
Traceback (most recent call last):
  File "C:\Users\JT-Web\Desktop\JCSSS\env\Lib\site-packages\django\core\handlers\exception.py", line 55, in inner
    response = get_response(request)
  File "C:\Users\JT-Web\Desktop\JCSSS\env\Lib\site-packages\django\core\handlers\base.py", line 197, in _get_response
    response = wrapped_callback(request, *callback_args, **callback_kwargs)
  File "C:\Users\JT-Web\Desktop\JCSSS\env\Lib\site-packages\django\views\generic\base.py", line 105, in view
    return self.dispatch(request, *args, **kwargs)
           ~~~~~~~~~~~~~^^^^^^^^^^^^^^^^^^^^^^^^^^
  File "C:\Users\JT-Web\Desktop\JCSSS\env\Lib\site-packages\django\views\generic\base.py", line 144, in dispatch
    return handler(request, *args, **kwargs)
  File "C:\Users\JT-Web\Desktop\JCSSS\JCSSS\apps\oem\views.py", line 118, in get
    pricing = event.customer_pricing
              ^^^^^^^^^^^^^^^^^^^^^^
  File "C:\Users\JT-Web\Desktop\JCSSS\env\Lib\site-packages\django\db\models\fields\related_descriptors.py", line 534, in __get__
    raise self.RelatedObjectDoesNotExist(
    ...<2 lines>...
    )
apps.complain_form.models.Event.customer_pricing.RelatedObjectDoesNotExist: Event has no customer_pricing.
"GET /csm/complaint/8/fetch/ HTTP/1.1" 500 92056
Internal Server Error: /csm/complaint/8/fetch/
Traceback (most recent call last):
  File "C:\Users\JT-Web\Desktop\JCSSS\env\Lib\site-packages\django\core\handlers\exception.py", line 55, in inner
    response = get_response(request)
  File "C:\Users\JT-Web\Desktop\JCSSS\env\Lib\site-packages\django\core\handlers\base.py", line 197, in _get_response
    response = wrapped_callback(request, *callback_args, **callback_kwargs)
  File "C:\Users\JT-Web\Desktop\JCSSS\env\Lib\site-packages\django\views\generic\base.py", line 105, in view
    return self.dispatch(request, *args, **kwargs)
           ~~~~~~~~~~~~~^^^^^^^^^^^^^^^^^^^^^^^^^^
  File "C:\Users\JT-Web\Desktop\JCSSS\env\Lib\site-packages\django\views\generic\base.py", line 144, in dispatch
    return handler(request, *args, **kwargs)
  File "C:\Users\JT-Web\Desktop\JCSSS\JCSSS\apps\oem\views.py", line 118, in get
    pricing = event.customer_pricing
              ^^^^^^^^^^^^^^^^^^^^^^
  File "C:\Users\JT-Web\Desktop\JCSSS\env\Lib\site-packages\django\db\models\fields\related_descriptors.py", line 534, in __get__
    raise self.RelatedObjectDoesNotExist(
    ...<2 lines>...
    )
apps.complain_form.models.Event.customer_pricing.RelatedObjectDoesNotExist: Event has no customer_pricing.
"GET /csm/complaint/8/fetch/ HTTP/1.1" 500 92321
Internal Server Error: /csm/complaint/8/fetch/
Traceback (most recent call last):
  File "C:\Users\JT-Web\Desktop\JCSSS\env\Lib\site-packages\django\core\handlers\exception.py", line 55, in inner
    response = get_response(request)
  File "C:\Users\JT-Web\Desktop\JCSSS\env\Lib\site-packages\django\core\handlers\base.py", line 197, in _get_response
    response = wrapped_callback(request, *callback_args, **callback_kwargs)
  File "C:\Users\JT-Web\Desktop\JCSSS\env\Lib\site-packages\django\views\generic\base.py", line 105, in view
    return self.dispatch(request, *args, **kwargs)
           ~~~~~~~~~~~~~^^^^^^^^^^^^^^^^^^^^^^^^^^
  File "C:\Users\JT-Web\Desktop\JCSSS\env\Lib\site-packages\django\views\generic\base.py", line 144, in dispatch
    return handler(request, *args, **kwargs)
  File "C:\Users\JT-Web\Desktop\JCSSS\JCSSS\apps\oem\views.py", line 118, in get
    pricing = event.customer_pricing
              ^^^^^^^^^^^^^^^^^^^^^^
  File "C:\Users\JT-Web\Desktop\JCSSS\env\Lib\site-packages\django\db\models\fields\related_descriptors.py", line 534, in __get__
    raise self.RelatedObjectDoesNotExist(
    ...<2 lines>...
    )
apps.complain_form.models.Event.customer_pricing.RelatedObjectDoesNotExist: Event has no customer_pricing.
"GET /csm/complaint/8/fetch/ HTTP/1.1" 500 92320
Internal Server Error: /csm/complaint/8/fetch/
Traceback (most recent call last):
  File "C:\Users\JT-Web\Desktop\JCSSS\env\Lib\site-packages\django\core\handlers\exception.py", line 55, in inner
    response = get_response(request)
  File "C:\Users\JT-Web\Desktop\JCSSS\env\Lib\site-packages\django\core\handlers\base.py", line 197, in _get_response
    response = wrapped_callback(request, *callback_args, **callback_kwargs)
  File "C:\Users\JT-Web\Desktop\JCSSS\env\Lib\site-packages\django\views\generic\base.py", line 105, in view
    return self.dispatch(request, *args, **kwargs)
           ~~~~~~~~~~~~~^^^^^^^^^^^^^^^^^^^^^^^^^^
  File "C:\Users\JT-Web\Desktop\JCSSS\env\Lib\site-packages\django\views\generic\base.py", line 144, in dispatch
    return handler(request, *args, **kwargs)
  File "C:\Users\JT-Web\Desktop\JCSSS\JCSSS\apps\oem\views.py", line 118, in get
    pricing = event.customer_pricing
              ^^^^^^^^^^^^^^^^^^^^^^
  File "C:\Users\JT-Web\Desktop\JCSSS\env\Lib\site-packages\django\db\models\fields\related_descriptors.py", line 534, in __get__
    raise self.RelatedObjectDoesNotExist(
    ...<2 lines>...
    )
apps.complain_form.models.Event.customer_pricing.RelatedObjectDoesNotExist: Event has no customer_pricing.
"GET /csm/complaint/8/fetch/ HTTP/1.1" 500 92321
Internal Server Error: /csm/complaint/8/fetch/
Traceback (most recent call last):
  File "C:\Users\JT-Web\Desktop\JCSSS\env\Lib\site-packages\django\core\handlers\exception.py", line 55, in inner
    response = get_response(request)
  File "C:\Users\JT-Web\Desktop\JCSSS\env\Lib\site-packages\django\core\handlers\base.py", line 197, in _get_response
    response = wrapped_callback(request, *callback_args, **callback_kwargs)
  File "C:\Users\JT-Web\Desktop\JCSSS\env\Lib\site-packages\django\views\generic\base.py", line 105, in view
    return self.dispatch(request, *args, **kwargs)
           ~~~~~~~~~~~~~^^^^^^^^^^^^^^^^^^^^^^^^^^
  File "C:\Users\JT-Web\Desktop\JCSSS\env\Lib\site-packages\django\views\generic\base.py", line 144, in dispatch
    return handler(request, *args, **kwargs)
  File "C:\Users\JT-Web\Desktop\JCSSS\JCSSS\apps\oem\views.py", line 118, in get
    pricing = event.customer_pricing
              ^^^^^^^^^^^^^^^^^^^^^^
  File "C:\Users\JT-Web\Desktop\JCSSS\env\Lib\site-packages\django\db\models\fields\related_descriptors.py", line 534, in __get__
    raise self.RelatedObjectDoesNotExist(
    ...<2 lines>...
    )
apps.complain_form.models.Event.customer_pricing.RelatedObjectDoesNotExist: Event has no customer_pricing.
"GET /csm/complaint/8/fetch/ HTTP/1.1" 500 92321
Internal Server Error: /csm/complaint/8/fetch/
Traceback (most recent call last):
  File "C:\Users\JT-Web\Desktop\JCSSS\env\Lib\site-packages\django\core\handlers\exception.py", line 55, in inner
    response = get_response(request)
  File "C:\Users\JT-Web\Desktop\JCSSS\env\Lib\site-packages\django\core\handlers\base.py", line 197, in _get_response
    response = wrapped_callback(request, *callback_args, **callback_kwargs)
  File "C:\Users\JT-Web\Desktop\JCSSS\env\Lib\site-packages\django\views\generic\base.py", line 105, in view
    return self.dispatch(request, *args, **kwargs)
           ~~~~~~~~~~~~~^^^^^^^^^^^^^^^^^^^^^^^^^^
  File "C:\Users\JT-Web\Desktop\JCSSS\env\Lib\site-packages\django\views\generic\base.py", line 144, in dispatch
    return handler(request, *args, **kwargs)
  File "C:\Users\JT-Web\Desktop\JCSSS\JCSSS\apps\oem\views.py", line 118, in get
    pricing = event.customer_pricing
              ^^^^^^^^^^^^^^^^^^^^^^
  File "C:\Users\JT-Web\Desktop\JCSSS\env\Lib\site-packages\django\db\models\fields\related_descriptors.py", line 534, in __get__
    raise self.RelatedObjectDoesNotExist(
    ...<2 lines>...
    )
apps.complain_form.models.Event.customer_pricing.RelatedObjectDoesNotExist: Event has no customer_pricing.
"GET /csm/complaint/8/fetch/ HTTP/1.1" 500 92321
Internal Server Error: /csm/complaint/8/fetch/
Traceback (most recent call last):
  File "C:\Users\JT-Web\Desktop\JCSSS\env\Lib\site-packages\django\core\handlers\exception.py", line 55, in inner
    response = get_response(request)
  File "C:\Users\JT-Web\Desktop\JCSSS\env\Lib\site-packages\django\core\handlers\base.py", line 197, in _get_response
    response = wrapped_callback(request, *callback_args, **callback_kwargs)
  File "C:\Users\JT-Web\Desktop\JCSSS\env\Lib\site-packages\django\views\generic\base.py", line 105, in view
    return self.dispatch(request, *args, **kwargs)
           ~~~~~~~~~~~~~^^^^^^^^^^^^^^^^^^^^^^^^^^
  File "C:\Users\JT-Web\Desktop\JCSSS\env\Lib\site-packages\django\views\generic\base.py", line 144, in dispatch
    return handler(request, *args, **kwargs)
  File "C:\Users\JT-Web\Desktop\JCSSS\JCSSS\apps\oem\views.py", line 118, in get
    pricing = event.customer_pricing
              ^^^^^^^^^^^^^^^^^^^^^^
  File "C:\Users\JT-Web\Desktop\JCSSS\env\Lib\site-packages\django\db\models\fields\related_descriptors.py", line 534, in __get__
    raise self.RelatedObjectDoesNotExist(
    ...<2 lines>...
    )
apps.complain_form.models.Event.customer_pricing.RelatedObjectDoesNotExist: Event has no customer_pricing.
"GET /csm/complaint/8/fetch/ HTTP/1.1" 500 92320
Internal Server Error: /csm/complaint/6/fetch/
Traceback (most recent call last):
  File "C:\Users\JT-Web\Desktop\JCSSS\env\Lib\site-packages\django\core\handlers\exception.py", line 55, in inner
    response = get_response(request)
  File "C:\Users\JT-Web\Desktop\JCSSS\env\Lib\site-packages\django\core\handlers\base.py", line 197, in _get_response
    response = wrapped_callback(request, *callback_args, **callback_kwargs)
  File "C:\Users\JT-Web\Desktop\JCSSS\env\Lib\site-packages\django\views\generic\base.py", line 105, in view
    return self.dispatch(request, *args, **kwargs)
           ~~~~~~~~~~~~~^^^^^^^^^^^^^^^^^^^^^^^^^^
  File "C:\Users\JT-Web\Desktop\JCSSS\env\Lib\site-packages\django\views\generic\base.py", line 144, in dispatch
    return handler(request, *args, **kwargs)
  File "C:\Users\JT-Web\Desktop\JCSSS\JCSSS\apps\oem\views.py", line 118, in get
    pricing = event.customer_pricing
              ^^^^^^^^^^^^^^^^^^^^^^
  File "C:\Users\JT-Web\Desktop\JCSSS\env\Lib\site-packages\django\db\models\fields\related_descriptors.py", line 534, in __get__
    raise self.RelatedObjectDoesNotExist(
    ...<2 lines>...
    )
apps.complain_form.models.Event.customer_pricing.RelatedObjectDoesNotExist: Event has no customer_pricing.
"GET /csm/complaint/6/fetch/ HTTP/1.1" 500 92063
Internal Server Error: /csm/complaint/6/fetch/
Traceback (most recent call last):
  File "C:\Users\JT-Web\Desktop\JCSSS\env\Lib\site-packages\django\core\handlers\exception.py", line 55, in inner
    response = get_response(request)
  File "C:\Users\JT-Web\Desktop\JCSSS\env\Lib\site-packages\django\core\handlers\base.py", line 197, in _get_response
    response = wrapped_callback(request, *callback_args, **callback_kwargs)
  File "C:\Users\JT-Web\Desktop\JCSSS\env\Lib\site-packages\django\views\generic\base.py", line 105, in view
    return self.dispatch(request, *args, **kwargs)
           ~~~~~~~~~~~~~^^^^^^^^^^^^^^^^^^^^^^^^^^
  File "C:\Users\JT-Web\Desktop\JCSSS\env\Lib\site-packages\django\views\generic\base.py", line 144, in dispatch
    return handler(request, *args, **kwargs)
  File "C:\Users\JT-Web\Desktop\JCSSS\JCSSS\apps\oem\views.py", line 118, in get
    pricing = event.customer_pricing
              ^^^^^^^^^^^^^^^^^^^^^^
  File "C:\Users\JT-Web\Desktop\JCSSS\env\Lib\site-packages\django\db\models\fields\related_descriptors.py", line 534, in __get__
    raise self.RelatedObjectDoesNotExist(
    ...<2 lines>...
    )
apps.complain_form.models.Event.customer_pricing.RelatedObjectDoesNotExist: Event has no customer_pricing.
"GET /csm/complaint/6/fetch/ HTTP/1.1" 500 92200
Internal Server Error: /csm/complaint/6/fetch/
Traceback (most recent call last):
  File "C:\Users\JT-Web\Desktop\JCSSS\env\Lib\site-packages\django\core\handlers\exception.py", line 55, in inner
    response = get_response(request)
  File "C:\Users\JT-Web\Desktop\JCSSS\env\Lib\site-packages\django\core\handlers\base.py", line 197, in _get_response
    response = wrapped_callback(request, *callback_args, **callback_kwargs)
  File "C:\Users\JT-Web\Desktop\JCSSS\env\Lib\site-packages\django\views\generic\base.py", line 105, in view
    return self.dispatch(request, *args, **kwargs)
           ~~~~~~~~~~~~~^^^^^^^^^^^^^^^^^^^^^^^^^^
  File "C:\Users\JT-Web\Desktop\JCSSS\env\Lib\site-packages\django\views\generic\base.py", line 144, in dispatch
    return handler(request, *args, **kwargs)
  File "C:\Users\JT-Web\Desktop\JCSSS\JCSSS\apps\oem\views.py", line 118, in get
    pricing = event.customer_pricing
              ^^^^^^^^^^^^^^^^^^^^^^
  File "C:\Users\JT-Web\Desktop\JCSSS\env\Lib\site-packages\django\db\models\fields\related_descriptors.py", line 534, in __get__
    raise self.RelatedObjectDoesNotExist(
    ...<2 lines>...
    )
apps.complain_form.models.Event.customer_pricing.RelatedObjectDoesNotExist: Event has no customer_pricing.
"GET /csm/complaint/6/fetch/ HTTP/1.1" 500 92200
Internal Server Error: /csm/complaint/6/fetch/
Traceback (most recent call last):
  File "C:\Users\JT-Web\Desktop\JCSSS\env\Lib\site-packages\django\core\handlers\exception.py", line 55, in inner
    response = get_response(request)
  File "C:\Users\JT-Web\Desktop\JCSSS\env\Lib\site-packages\django\core\handlers\base.py", line 197, in _get_response
    response = wrapped_callback(request, *callback_args, **callback_kwargs)
  File "C:\Users\JT-Web\Desktop\JCSSS\env\Lib\site-packages\django\views\generic\base.py", line 105, in view
    return self.dispatch(request, *args, **kwargs)
           ~~~~~~~~~~~~~^^^^^^^^^^^^^^^^^^^^^^^^^^
  File "C:\Users\JT-Web\Desktop\JCSSS\env\Lib\site-packages\django\views\generic\base.py", line 144, in dispatch
    return handler(request, *args, **kwargs)
  File "C:\Users\JT-Web\Desktop\JCSSS\JCSSS\apps\oem\views.py", line 118, in get
    pricing = event.customer_pricing
              ^^^^^^^^^^^^^^^^^^^^^^
  File "C:\Users\JT-Web\Desktop\JCSSS\env\Lib\site-packages\django\db\models\fields\related_descriptors.py", line 534, in __get__
    raise self.RelatedObjectDoesNotExist(
    ...<2 lines>...
    )
apps.complain_form.models.Event.customer_pricing.RelatedObjectDoesNotExist: Event has no customer_pricing.
"GET /csm/complaint/6/fetch/ HTTP/1.1" 500 92200
Internal Server Error: /csm/complaint/6/fetch/
Traceback (most recent call last):
  File "C:\Users\JT-Web\Desktop\JCSSS\env\Lib\site-packages\django\core\handlers\exception.py", line 55, in inner
    response = get_response(request)
  File "C:\Users\JT-Web\Desktop\JCSSS\env\Lib\site-packages\django\core\handlers\base.py", line 197, in _get_response
    response = wrapped_callback(request, *callback_args, **callback_kwargs)
  File "C:\Users\JT-Web\Desktop\JCSSS\env\Lib\site-packages\django\views\generic\base.py", line 105, in view
    return self.dispatch(request, *args, **kwargs)
           ~~~~~~~~~~~~~^^^^^^^^^^^^^^^^^^^^^^^^^^
  File "C:\Users\JT-Web\Desktop\JCSSS\env\Lib\site-packages\django\views\generic\base.py", line 144, in dispatch
    return handler(request, *args, **kwargs)
  File "C:\Users\JT-Web\Desktop\JCSSS\JCSSS\apps\oem\views.py", line 118, in get
    pricing = event.customer_pricing
              ^^^^^^^^^^^^^^^^^^^^^^
  File "C:\Users\JT-Web\Desktop\JCSSS\env\Lib\site-packages\django\db\models\fields\related_descriptors.py", line 534, in __get__
    raise self.RelatedObjectDoesNotExist(
    ...<2 lines>...
    )
apps.complain_form.models.Event.customer_pricing.RelatedObjectDoesNotExist: Event has no customer_pricing.
"GET /csm/complaint/6/fetch/ HTTP/1.1" 500 92200
Internal Server Error: /csm/complaint/6/fetch/
Traceback (most recent call last):
  File "C:\Users\JT-Web\Desktop\JCSSS\env\Lib\site-packages\django\core\handlers\exception.py", line 55, in inner
    response = get_response(request)
  File "C:\Users\JT-Web\Desktop\JCSSS\env\Lib\site-packages\django\core\handlers\base.py", line 197, in _get_response
    response = wrapped_callback(request, *callback_args, **callback_kwargs)
  File "C:\Users\JT-Web\Desktop\JCSSS\env\Lib\site-packages\django\views\generic\base.py", line 105, in view
    return self.dispatch(request, *args, **kwargs)
           ~~~~~~~~~~~~~^^^^^^^^^^^^^^^^^^^^^^^^^^
  File "C:\Users\JT-Web\Desktop\JCSSS\env\Lib\site-packages\django\views\generic\base.py", line 144, in dispatch
    return handler(request, *args, **kwargs)
  File "C:\Users\JT-Web\Desktop\JCSSS\JCSSS\apps\oem\views.py", line 118, in get
    pricing = event.customer_pricing
              ^^^^^^^^^^^^^^^^^^^^^^
  File "C:\Users\JT-Web\Desktop\JCSSS\env\Lib\site-packages\django\db\models\fields\related_descriptors.py", line 534, in __get__
    raise self.RelatedObjectDoesNotExist(
    ...<2 lines>...
    )
apps.complain_form.models.Event.customer_pricing.RelatedObjectDoesNotExist: Event has no customer_pricing.
"GET /csm/complaint/6/fetch/ HTTP/1.1" 500 92199
Internal Server Error: /csm/complaint/6/fetch/
Traceback (most recent call last):
  File "C:\Users\JT-Web\Desktop\JCSSS\env\Lib\site-packages\django\core\handlers\exception.py", line 55, in inner
    response = get_response(request)
  File "C:\Users\JT-Web\Desktop\JCSSS\env\Lib\site-packages\django\core\handlers\base.py", line 197, in _get_response
    response = wrapped_callback(request, *callback_args, **callback_kwargs)
  File "C:\Users\JT-Web\Desktop\JCSSS\env\Lib\site-packages\django\views\generic\base.py", line 105, in view
    return self.dispatch(request, *args, **kwargs)
           ~~~~~~~~~~~~~^^^^^^^^^^^^^^^^^^^^^^^^^^
  File "C:\Users\JT-Web\Desktop\JCSSS\env\Lib\site-packages\django\views\generic\base.py", line 144, in dispatch
    return handler(request, *args, **kwargs)
  File "C:\Users\JT-Web\Desktop\JCSSS\JCSSS\apps\oem\views.py", line 118, in get
    pricing = event.customer_pricing
              ^^^^^^^^^^^^^^^^^^^^^^
  File "C:\Users\JT-Web\Desktop\JCSSS\env\Lib\site-packages\django\db\models\fields\related_descriptors.py", line 534, in __get__
    raise self.RelatedObjectDoesNotExist(
    ...<2 lines>...
    )
apps.complain_form.models.Event.customer_pricing.RelatedObjectDoesNotExist: Event has no customer_pricing.
"GET /csm/complaint/6/fetch/ HTTP/1.1" 500 92328
Internal Server Error: /csm/complaint/6/fetch/
Traceback (most recent call last):
  File "C:\Users\JT-Web\Desktop\JCSSS\env\Lib\site-packages\django\core\handlers\exception.py", line 55, in inner
    response = get_response(request)
  File "C:\Users\JT-Web\Desktop\JCSSS\env\Lib\site-packages\django\core\handlers\base.py", line 197, in _get_response
    response = wrapped_callback(request, *callback_args, **callback_kwargs)
  File "C:\Users\JT-Web\Desktop\JCSSS\env\Lib\site-packages\django\views\generic\base.py", line 105, in view
    return self.dispatch(request, *args, **kwargs)
           ~~~~~~~~~~~~~^^^^^^^^^^^^^^^^^^^^^^^^^^
  File "C:\Users\JT-Web\Desktop\JCSSS\env\Lib\site-packages\django\views\generic\base.py", line 144, in dispatch
    return handler(request, *args, **kwargs)
  File "C:\Users\JT-Web\Desktop\JCSSS\JCSSS\apps\oem\views.py", line 118, in get
    pricing = event.customer_pricing
              ^^^^^^^^^^^^^^^^^^^^^^
  File "C:\Users\JT-Web\Desktop\JCSSS\env\Lib\site-packages\django\db\models\fields\related_descriptors.py", line 534, in __get__
    raise self.RelatedObjectDoesNotExist(
    ...<2 lines>...
    )
apps.complain_form.models.Event.customer_pricing.RelatedObjectDoesNotExist: Event has no customer_pricing.
"GET /csm/complaint/6/fetch/ HTTP/1.1" 500 92328
Internal Server Error: /csm/complaint/6/fetch/
Traceback (most recent call last):
  File "C:\Users\JT-Web\Desktop\JCSSS\env\Lib\site-packages\django\core\handlers\exception.py", line 55, in inner
    response = get_response(request)
  File "C:\Users\JT-Web\Desktop\JCSSS\env\Lib\site-packages\django\core\handlers\base.py", line 197, in _get_response
    response = wrapped_callback(request, *callback_args, **callback_kwargs)
  File "C:\Users\JT-Web\Desktop\JCSSS\env\Lib\site-packages\django\views\generic\base.py", line 105, in view
    return self.dispatch(request, *args, **kwargs)
           ~~~~~~~~~~~~~^^^^^^^^^^^^^^^^^^^^^^^^^^
  File "C:\Users\JT-Web\Desktop\JCSSS\env\Lib\site-packages\django\views\generic\base.py", line 144, in dispatch
    return handler(request, *args, **kwargs)
  File "C:\Users\JT-Web\Desktop\JCSSS\JCSSS\apps\oem\views.py", line 118, in get
    pricing = event.customer_pricing
              ^^^^^^^^^^^^^^^^^^^^^^
  File "C:\Users\JT-Web\Desktop\JCSSS\env\Lib\site-packages\django\db\models\fields\related_descriptors.py", line 534, in __get__
    raise self.RelatedObjectDoesNotExist(
    ...<2 lines>...
    )
apps.complain_form.models.Event.customer_pricing.RelatedObjectDoesNotExist: Event has no customer_pricing.
"GET /csm/complaint/6/fetch/ HTTP/1.1" 500 92328
Internal Server Error: /csm/complaint/6/fetch/
Traceback (most recent call last):
  File "C:\Users\JT-Web\Desktop\JCSSS\env\Lib\site-packages\django\core\handlers\exception.py", line 55, in inner
    response = get_response(request)
  File "C:\Users\JT-Web\Desktop\JCSSS\env\Lib\site-packages\django\core\handlers\base.py", line 197, in _get_response
    response = wrapped_callback(request, *callback_args, **callback_kwargs)
  File "C:\Users\JT-Web\Desktop\JCSSS\env\Lib\site-packages\django\views\generic\base.py", line 105, in view
    return self.dispatch(request, *args, **kwargs)
           ~~~~~~~~~~~~~^^^^^^^^^^^^^^^^^^^^^^^^^^
  File "C:\Users\JT-Web\Desktop\JCSSS\env\Lib\site-packages\django\views\generic\base.py", line 144, in dispatch
    return handler(request, *args, **kwargs)
  File "C:\Users\JT-Web\Desktop\JCSSS\JCSSS\apps\oem\views.py", line 118, in get
    pricing = event.customer_pricing
              ^^^^^^^^^^^^^^^^^^^^^^
  File "C:\Users\JT-Web\Desktop\JCSSS\env\Lib\site-packages\django\db\models\fields\related_descriptors.py", line 534, in __get__
    raise self.RelatedObjectDoesNotExist(
    ...<2 lines>...
    )
apps.complain_form.models.Event.customer_pricing.RelatedObjectDoesNotExist: Event has no customer_pricing.
"GET /csm/complaint/6/fetch/ HTTP/1.1" 500 92328
Internal Server Error: /csm/complaint/6/fetch/
Traceback (most recent call last):
  File "C:\Users\JT-Web\Desktop\JCSSS\env\Lib\site-packages\django\core\handlers\exception.py", line 55, in inner
    response = get_response(request)
  File "C:\Users\JT-Web\Desktop\JCSSS\env\Lib\site-packages\django\core\handlers\base.py", line 197, in _get_response
    response = wrapped_callback(request, *callback_args, **callback_kwargs)
  File "C:\Users\JT-Web\Desktop\JCSSS\env\Lib\site-packages\django\views\generic\base.py", line 105, in view
    return self.dispatch(request, *args, **kwargs)
           ~~~~~~~~~~~~~^^^^^^^^^^^^^^^^^^^^^^^^^^
  File "C:\Users\JT-Web\Desktop\JCSSS\env\Lib\site-packages\django\views\generic\base.py", line 144, in dispatch
    return handler(request, *args, **kwargs)
  File "C:\Users\JT-Web\Desktop\JCSSS\JCSSS\apps\oem\views.py", line 118, in get
    pricing = event.customer_pricing
              ^^^^^^^^^^^^^^^^^^^^^^
  File "C:\Users\JT-Web\Desktop\JCSSS\env\Lib\site-packages\django\db\models\fields\related_descriptors.py", line 534, in __get__
    raise self.RelatedObjectDoesNotExist(
    ...<2 lines>...
    )
apps.complain_form.models.Event.customer_pricing.RelatedObjectDoesNotExist: Event has no customer_pricing.
"GET /csm/complaint/6/fetch/ HTTP/1.1" 500 92328
Internal Server Error: /csm/complaint/9/fetch/
Traceback (most recent call last):
  File "C:\Users\JT-Web\Desktop\JCSSS\env\Lib\site-packages\django\core\handlers\exception.py", line 55, in inner
    response = get_response(request)
  File "C:\Users\JT-Web\Desktop\JCSSS\env\Lib\site-packages\django\core\handlers\base.py", line 197, in _get_response
    response = wrapped_callback(request, *callback_args, **callback_kwargs)
  File "C:\Users\JT-Web\Desktop\JCSSS\env\Lib\site-packages\django\views\generic\base.py", line 105, in view
    return self.dispatch(request, *args, **kwargs)
           ~~~~~~~~~~~~~^^^^^^^^^^^^^^^^^^^^^^^^^^
  File "C:\Users\JT-Web\Desktop\JCSSS\env\Lib\site-packages\django\views\generic\base.py", line 144, in dispatch
    return handler(request, *args, **kwargs)
  File "C:\Users\JT-Web\Desktop\JCSSS\JCSSS\apps\oem\views.py", line 128, in get
    return render(request, "complaints/complain_status.html", {
        "form": form,
    ...<15 lines>...
        "timing_stage": timing_stage,
    })
  File "C:\Users\JT-Web\Desktop\JCSSS\env\Lib\site-packages\django\shortcuts.py", line 25, in render
    content = loader.render_to_string(template_name, context, request, using=using)
  File "C:\Users\JT-Web\Desktop\JCSSS\env\Lib\site-packages\django\template\loader.py", line 62, in render_to_string
    return template.render(context, request)
           ~~~~~~~~~~~~~~~^^^^^^^^^^^^^^^^^^
  File "C:\Users\JT-Web\Desktop\JCSSS\env\Lib\site-packages\django\template\backends\django.py", line 107, in render
    return self.template.render(context)
           ~~~~~~~~~~~~~~~~~~~~^^^^^^^^^
  File "C:\Users\JT-Web\Desktop\JCSSS\env\Lib\site-packages\django\template\base.py", line 171, in render
    return self._render(context)
           ~~~~~~~~~~~~^^^^^^^^^
  File "C:\Users\JT-Web\Desktop\JCSSS\env\Lib\site-packages\django\template\base.py", line 163, in _render
    return self.nodelist.render(context)
           ~~~~~~~~~~~~~~~~~~~~^^^^^^^^^
  File "C:\Users\JT-Web\Desktop\JCSSS\env\Lib\site-packages\django\template\base.py", line 1016, in render
    return SafeString("".join([node.render_annotated(context) for node in self]))
                               ~~~~~~~~~~~~~~~~~~~~~^^^^^^^^^
  File "C:\Users\JT-Web\Desktop\JCSSS\env\Lib\site-packages\django\template\base.py", line 977, in render_annotated
    return self.render(context)
           ~~~~~~~~~~~^^^^^^^^^
  File "C:\Users\JT-Web\Desktop\JCSSS\env\Lib\site-packages\django\template\loader_tags.py", line 159, in render
    return compiled_parent._render(context)
           ~~~~~~~~~~~~~~~~~~~~~~~^^^^^^^^^
  File "C:\Users\JT-Web\Desktop\JCSSS\env\Lib\site-packages\django\template\base.py", line 163, in _render
    return self.nodelist.render(context)
           ~~~~~~~~~~~~~~~~~~~~^^^^^^^^^
  File "C:\Users\JT-Web\Desktop\JCSSS\env\Lib\site-packages\django\template\base.py", line 1016, in render
    return SafeString("".join([node.render_annotated(context) for node in self]))
                               ~~~~~~~~~~~~~~~~~~~~~^^^^^^^^^
  File "C:\Users\JT-Web\Desktop\JCSSS\env\Lib\site-packages\django\template\base.py", line 977, in render_annotated
    return self.render(context)
           ~~~~~~~~~~~^^^^^^^^^
  File "C:\Users\JT-Web\Desktop\JCSSS\env\Lib\site-packages\django\template\loader_tags.py", line 65, in render
    result = block.nodelist.render(context)
  File "C:\Users\JT-Web\Desktop\JCSSS\env\Lib\site-packages\django\template\base.py", line 1016, in render
    return SafeString("".join([node.render_annotated(context) for node in self]))
                               ~~~~~~~~~~~~~~~~~~~~~^^^^^^^^^
  File "C:\Users\JT-Web\Desktop\JCSSS\env\Lib\site-packages\django\template\base.py", line 977, in render_annotated
    return self.render(context)
           ~~~~~~~~~~~^^^^^^^^^
  File "C:\Users\JT-Web\Desktop\JCSSS\env\Lib\site-packages\django\template\defaulttags.py", line 327, in render
    return nodelist.render(context)
           ~~~~~~~~~~~~~~~^^^^^^^^^
  File "C:\Users\JT-Web\Desktop\JCSSS\env\Lib\site-packages\django\template\base.py", line 1016, in render
    return SafeString("".join([node.render_annotated(context) for node in self]))
                               ~~~~~~~~~~~~~~~~~~~~~^^^^^^^^^
  File "C:\Users\JT-Web\Desktop\JCSSS\env\Lib\site-packages\django\template\base.py", line 977, in render_annotated
    return self.render(context)
           ~~~~~~~~~~~^^^^^^^^^
  File "C:\Users\JT-Web\Desktop\JCSSS\env\Lib\site-packages\django\template\defaulttags.py", line 550, in render
    return self.nodelist.render(context)
           ~~~~~~~~~~~~~~~~~~~~^^^^^^^^^
  File "C:\Users\JT-Web\Desktop\JCSSS\env\Lib\site-packages\django\template\base.py", line 1016, in render
    return SafeString("".join([node.render_annotated(context) for node in self]))
                               ~~~~~~~~~~~~~~~~~~~~~^^^^^^^^^
  File "C:\Users\JT-Web\Desktop\JCSSS\env\Lib\site-packages\django\template\base.py", line 977, in render_annotated
    return self.render(context)
           ~~~~~~~~~~~^^^^^^^^^
  File "C:\Users\JT-Web\Desktop\JCSSS\env\Lib\site-packages\django\template\defaulttags.py", line 480, in render
    url = reverse(view_name, args=args, kwargs=kwargs, current_app=current_app)
  File "C:\Users\JT-Web\Desktop\JCSSS\env\Lib\site-packages\django\urls\base.py", line 98, in reverse
    resolved_url = resolver._reverse_with_prefix(view, prefix, *args, **kwargs)
  File "C:\Users\JT-Web\Desktop\JCSSS\env\Lib\site-packages\django\urls\resolvers.py", line 831, in _reverse_with_prefix
    raise NoReverseMatch(msg)
django.urls.exceptions.NoReverseMatch: Reverse for 'customer_price_approve' with arguments '('',)' not found. 1 pattern(s) tried: ['csm/customer\\-price\\-approve/(?P<pk>[0-9]+)/\\Z']
"GET /csm/complaint/9/fetch/ HTTP/1.1" 500 252444
Internal Server Error: /csm/complaint/8/fetch/
Traceback (most recent call last):
  File "C:\Users\JT-Web\Desktop\JCSSS\env\Lib\site-packages\django\core\handlers\exception.py", line 55, in inner
    response = get_response(request)
  File "C:\Users\JT-Web\Desktop\JCSSS\env\Lib\site-packages\django\core\handlers\base.py", line 197, in _get_response
    response = wrapped_callback(request, *callback_args, **callback_kwargs)
  File "C:\Users\JT-Web\Desktop\JCSSS\env\Lib\site-packages\django\views\generic\base.py", line 105, in view
    return self.dispatch(request, *args, **kwargs)
           ~~~~~~~~~~~~~^^^^^^^^^^^^^^^^^^^^^^^^^^
  File "C:\Users\JT-Web\Desktop\JCSSS\env\Lib\site-packages\django\views\generic\base.py", line 144, in dispatch
    return handler(request, *args, **kwargs)
  File "C:\Users\JT-Web\Desktop\JCSSS\JCSSS\apps\oem\views.py", line 128, in get
    return render(request, "complaints/complain_status.html", {
        "form": form,
    ...<15 lines>...
        "timing_stage": timing_stage,
    })
  File "C:\Users\JT-Web\Desktop\JCSSS\env\Lib\site-packages\django\shortcuts.py", line 25, in render
    content = loader.render_to_string(template_name, context, request, using=using)
  File "C:\Users\JT-Web\Desktop\JCSSS\env\Lib\site-packages\django\template\loader.py", line 62, in render_to_string
    return template.render(context, request)
           ~~~~~~~~~~~~~~~^^^^^^^^^^^^^^^^^^
  File "C:\Users\JT-Web\Desktop\JCSSS\env\Lib\site-packages\django\template\backends\django.py", line 107, in render
    return self.template.render(context)
           ~~~~~~~~~~~~~~~~~~~~^^^^^^^^^
  File "C:\Users\JT-Web\Desktop\JCSSS\env\Lib\site-packages\django\template\base.py", line 171, in render
    return self._render(context)
           ~~~~~~~~~~~~^^^^^^^^^
  File "C:\Users\JT-Web\Desktop\JCSSS\env\Lib\site-packages\django\template\base.py", line 163, in _render
    return self.nodelist.render(context)
           ~~~~~~~~~~~~~~~~~~~~^^^^^^^^^
  File "C:\Users\JT-Web\Desktop\JCSSS\env\Lib\site-packages\django\template\base.py", line 1016, in render
    return SafeString("".join([node.render_annotated(context) for node in self]))
                               ~~~~~~~~~~~~~~~~~~~~~^^^^^^^^^
  File "C:\Users\JT-Web\Desktop\JCSSS\env\Lib\site-packages\django\template\base.py", line 977, in render_annotated
    return self.render(context)
           ~~~~~~~~~~~^^^^^^^^^
  File "C:\Users\JT-Web\Desktop\JCSSS\env\Lib\site-packages\django\template\loader_tags.py", line 159, in render
    return compiled_parent._render(context)
           ~~~~~~~~~~~~~~~~~~~~~~~^^^^^^^^^
  File "C:\Users\JT-Web\Desktop\JCSSS\env\Lib\site-packages\django\template\base.py", line 163, in _render
    return self.nodelist.render(context)
           ~~~~~~~~~~~~~~~~~~~~^^^^^^^^^
  File "C:\Users\JT-Web\Desktop\JCSSS\env\Lib\site-packages\django\template\base.py", line 1016, in render
    return SafeString("".join([node.render_annotated(context) for node in self]))
                               ~~~~~~~~~~~~~~~~~~~~~^^^^^^^^^
  File "C:\Users\JT-Web\Desktop\JCSSS\env\Lib\site-packages\django\template\base.py", line 977, in render_annotated
    return self.render(context)
           ~~~~~~~~~~~^^^^^^^^^
  File "C:\Users\JT-Web\Desktop\JCSSS\env\Lib\site-packages\django\template\loader_tags.py", line 65, in render
    result = block.nodelist.render(context)
  File "C:\Users\JT-Web\Desktop\JCSSS\env\Lib\site-packages\django\template\base.py", line 1016, in render
    return SafeString("".join([node.render_annotated(context) for node in self]))
                               ~~~~~~~~~~~~~~~~~~~~~^^^^^^^^^
  File "C:\Users\JT-Web\Desktop\JCSSS\env\Lib\site-packages\django\template\base.py", line 977, in render_annotated
    return self.render(context)
           ~~~~~~~~~~~^^^^^^^^^
  File "C:\Users\JT-Web\Desktop\JCSSS\env\Lib\site-packages\django\template\defaulttags.py", line 327, in render
    return nodelist.render(context)
           ~~~~~~~~~~~~~~~^^^^^^^^^
  File "C:\Users\JT-Web\Desktop\JCSSS\env\Lib\site-packages\django\template\base.py", line 1016, in render
    return SafeString("".join([node.render_annotated(context) for node in self]))
                               ~~~~~~~~~~~~~~~~~~~~~^^^^^^^^^
  File "C:\Users\JT-Web\Desktop\JCSSS\env\Lib\site-packages\django\template\base.py", line 977, in render_annotated
    return self.render(context)
           ~~~~~~~~~~~^^^^^^^^^
  File "C:\Users\JT-Web\Desktop\JCSSS\env\Lib\site-packages\django\template\defaulttags.py", line 550, in render
    return self.nodelist.render(context)
           ~~~~~~~~~~~~~~~~~~~~^^^^^^^^^
  File "C:\Users\JT-Web\Desktop\JCSSS\env\Lib\site-packages\django\template\base.py", line 1016, in render
    return SafeString("".join([node.render_annotated(context) for node in self]))
                               ~~~~~~~~~~~~~~~~~~~~~^^^^^^^^^
  File "C:\Users\JT-Web\Desktop\JCSSS\env\Lib\site-packages\django\template\base.py", line 977, in render_annotated
    return self.render(context)
           ~~~~~~~~~~~^^^^^^^^^
  File "C:\Users\JT-Web\Desktop\JCSSS\env\Lib\site-packages\django\template\defaulttags.py", line 480, in render
    url = reverse(view_name, args=args, kwargs=kwargs, current_app=current_app)
  File "C:\Users\JT-Web\Desktop\JCSSS\env\Lib\site-packages\django\urls\base.py", line 98, in reverse
    resolved_url = resolver._reverse_with_prefix(view, prefix, *args, **kwargs)
  File "C:\Users\JT-Web\Desktop\JCSSS\env\Lib\site-packages\django\urls\resolvers.py", line 831, in _reverse_with_prefix
    raise NoReverseMatch(msg)
django.urls.exceptions.NoReverseMatch: Reverse for 'customer_price_approve' with arguments '('',)' not found. 1 pattern(s) tried: ['csm/customer\\-price\\-approve/(?P<pk>[0-9]+)/\\Z']
"GET /csm/complaint/8/fetch/ HTTP/1.1" 500 252444
